<?xml version="1.0" encoding="UTF-8"?>
<!-- Generated by org.testng.reporters.JUnitReportReporter -->
<testsuite hostname="DESKTOP-TIVA8EK" failures="0" tests="1" name="Quiz.QuizTestNG" time="1.794" errors="0" timestamp="2024-09-03T13:05:41 PKT" skipped="0">
  <testcase classname="Quiz.QuizTestNG" name="previousButtonDisabled" time="1.794"/>
</testsuite> <!-- Quiz.QuizTestNG -->
